<?xml version="1.0" encoding="UTF-8"?>
<!-- Generated by org.testng.reporters.JUnitReportReporter -->
<testsuite hostname="DESKTOP-5I575L6" failures="0" tests="1" name="cleartrip.testcases.TestNgExamples" time="0.032" errors="0" timestamp="12 Feb 2018 15:31:02 GMT">
  <testcase classname="cleartrip.testcases.TestNgExamples" name="verifyPageTitle" time="0.032"/>
</testsuite> <!-- cleartrip.testcases.TestNgExamples -->
